0 verbose cli [
0 verbose cli   'C:\\Program Files\\nodejs\\node.exe',
0 verbose cli   'C:\\Program Files\\nodejs\\node_modules\\npm\\bin\\npm-cli.js',
0 verbose cli   'token',
0 verbose cli   'list'
0 verbose cli ]
1 info using npm@8.5.5
2 info using node@v16.15.0
3 timing npm:load:whichnode Completed in 0ms
4 timing config:load:defaults Completed in 2ms
5 timing config:load:file:C:\Program Files\nodejs\node_modules\npm\npmrc Completed in 3ms
6 timing config:load:builtin Completed in 4ms
7 timing config:load:cli Completed in 1ms
8 timing config:load:env Completed in 0ms
9 timing config:load:file:C:\Users\IdeaPad\OneDrive\Documenti\miapp\.npmrc Completed in 0ms
10 timing config:load:project Completed in 7ms
11 timing config:load:file:C:\Users\IdeaPad\.npmrc Completed in 0ms
12 timing config:load:user Completed in 1ms
13 timing config:load:file:C:\Users\IdeaPad\AppData\Roaming\npm\etc\npmrc Completed in 0ms
14 timing config:load:global Completed in 0ms
15 timing config:load:validate Completed in 0ms
16 timing config:load:credentials Completed in 1ms
17 timing config:load:setEnvs Completed in 1ms
18 timing config:load Completed in 18ms
19 timing npm:load:configload Completed in 18ms
20 timing npm:load:setTitle Completed in 0ms
21 timing config:load:flatten Completed in 2ms
22 timing npm:load:display Completed in 3ms
23 verbose logfile C:\Users\IdeaPad\AppData\Local\npm-cache\_logs\2023-04-12T13_41_49_526Z-debug-0.log
24 timing npm:load:logFile Completed in 5ms
25 timing npm:load:timers Completed in 0ms
26 timing npm:load:configScope Completed in 0ms
27 timing npm:load Completed in 27ms
28 info token getting list
29 silly logfile start cleaning logs, removing 2 files
30 http fetch GET 401 https://registry.npmjs.org/-/npm/v1/tokens 640ms (cache skip)
31 timing command:token Completed in 644ms
32 verbose stack HttpErrorGeneral: 401 Unauthorized - GET https://registry.npmjs.org/-/npm/v1/tokens
32 verbose stack     at C:\Program Files\nodejs\node_modules\npm\node_modules\npm-registry-fetch\lib\check-response.js:104:15
32 verbose stack     at processTicksAndRejections (node:internal/process/task_queues:96:5)
32 verbose stack     at async Object.withPromise (C:\Program Files\nodejs\node_modules\npm\lib\utils\pulse-till-done.js:7:12)
32 verbose stack     at async Token.list (C:\Program Files\nodejs\node_modules\npm\lib\commands\token.js:57:20)
32 verbose stack     at async module.exports (C:\Program Files\nodejs\node_modules\npm\lib\cli.js:66:5)
33 verbose statusCode 401
34 verbose cwd C:\Users\IdeaPad\OneDrive\Documenti\miapp
35 verbose Windows_NT 10.0.22621
36 verbose argv "C:\\Program Files\\nodejs\\node.exe" "C:\\Program Files\\nodejs\\node_modules\\npm\\bin\\npm-cli.js" "token" "list"
37 verbose node v16.15.0
38 verbose npm  v8.5.5
39 error code E401ssss
40 error 401 Unauthorized - GET https://registry.npmjs.org/-/npm/v1/tokens
41 verbose exit 1
42 timing npm Completed in 918ms
43 verbose code 1
44 error A complete log of this run can be found in:
44 error     C:\Users\IdeaPad\AppData\Local\npm-cache\_logs\2023-04-12T13_41_49_526Z-debug-0.log
